The system is: Darwin - 22.3.0 - arm64
Compiling the C compiler identification source file "CMakeCCompilerId.c" succeeded.
Compiler: /usr/bin/clang 
Build flags: 
Id flags:  

The output was:
0


Compilation of the C compiler identification source "CMakeCCompilerId.c" produced "a.out"

The C compiler identification is AppleClang, found in "/Users/tingan/Desktop/未命名文件夹/speech_ncnn/build/CMakeFiles/3.25.2/CompilerIdC/a.out"

Compiling the CXX compiler identification source file "CMakeCXXCompilerId.cpp" succeeded.
Compiler: /usr/bin/clang++ 
Build flags: 
Id flags:  

The output was:
0


Compilation of the CXX compiler identification source "CMakeCXXCompilerId.cpp" produced "a.out"

The CXX compiler identification is AppleClang, found in "/Users/tingan/Desktop/未命名文件夹/speech_ncnn/build/CMakeFiles/3.25.2/CompilerIdCXX/a.out"

Detecting C compiler ABI info compiled with the following output:
Change Dir: /Users/tingan/Desktop/未命名文件夹/speech_ncnn/build/CMakeFiles/CMakeScratch/TryCompile-EBCmpW

Run Build Command(s):/usr/bin/make -f Makefile cmTC_7c27a/fast && /Applications/Xcode.app/Contents/Developer/usr/bin/make  -f CMakeFiles/cmTC_7c27a.dir/build.make CMakeFiles/cmTC_7c27a.dir/build
Building C object CMakeFiles/cmTC_7c27a.dir/CMakeCCompilerABI.c.o
/usr/bin/clang   -arch arm64 -isysroot /Applications/Xcode.app/Contents/Developer/Platforms/MacOSX.platform/Developer/SDKs/MacOSX13.1.sdk   -v -Wl,-v -MD -MT CMakeFiles/cmTC_7c27a.dir/CMakeCCompilerABI.c.o -MF CMakeFiles/cmTC_7c27a.dir/CMakeCCompilerABI.c.o.d -o CMakeFiles/cmTC_7c27a.dir/CMakeCCompilerABI.c.o -c /opt/homebrew/Cellar/cmake/3.25.2/share/cmake/Modules/CMakeCCompilerABI.c
Apple clang version 14.0.0 (clang-1400.0.29.202)
Target: arm64-apple-darwin22.3.0
Thread model: posix
InstalledDir: /Applications/Xcode.app/Contents/Developer/Toolchains/XcodeDefault.xctoolchain/usr/bin
clang: warning: -Wl,-v: 'linker' input unused [-Wunused-command-line-argument]
 "/Applications/Xcode.app/Contents/Developer/Toolchains/XcodeDefault.xctoolchain/usr/bin/clang" -cc1 -triple arm64-apple-macosx13.0.0 -Wundef-prefix=TARGET_OS_ -Wdeprecated-objc-isa-usage -Werror=deprecated-objc-isa-usage -Werror=implicit-function-declaration -emit-obj -mrelax-all --mrelax-relocations -disable-free -clear-ast-before-backend -disable-llvm-verifier -discard-value-names -main-file-name CMakeCCompilerABI.c -mrelocation-model pic -pic-level 2 -mframe-pointer=non-leaf -fno-strict-return -fno-rounding-math -funwind-tables=2 -fobjc-msgsend-selector-stubs -target-sdk-version=13.1 -fvisibility-inlines-hidden-static-local-var -target-cpu apple-m1 -target-feature +v8.5a -target-feature +fp-armv8 -target-feature +neon -target-feature +crc -target-feature +crypto -target-feature +dotprod -target-feature +fp16fml -target-feature +ras -target-feature +lse -target-feature +rdm -target-feature +rcpc -target-feature +zcm -target-feature +zcz -target-feature +fullfp16 -target-feature +sm4 -target-feature +sha3 -target-feature +sha2 -target-feature +aes -target-abi darwinpcs -fallow-half-arguments-and-returns -debugger-tuning=lldb -target-linker-version 820.1 -v -resource-dir /Applications/Xcode.app/Contents/Developer/Toolchains/XcodeDefault.xctoolchain/usr/lib/clang/14.0.0 -dependency-file CMakeFiles/cmTC_7c27a.dir/CMakeCCompilerABI.c.o.d -skip-unused-modulemap-deps -MT CMakeFiles/cmTC_7c27a.dir/CMakeCCompilerABI.c.o -sys-header-deps -isysroot /Applications/Xcode.app/Contents/Developer/Platforms/MacOSX.platform/Developer/SDKs/MacOSX13.1.sdk -internal-isystem /Applications/Xcode.app/Contents/Developer/Platforms/MacOSX.platform/Developer/SDKs/MacOSX13.1.sdk/usr/local/include -internal-isystem /Applications/Xcode.app/Contents/Developer/Toolchains/XcodeDefault.xctoolchain/usr/lib/clang/14.0.0/include -internal-externc-isystem /Applications/Xcode.app/Contents/Developer/Platforms/MacOSX.platform/Developer/SDKs/MacOSX13.1.sdk/usr/include -internal-externc-isystem /Applications/Xcode.app/Contents/Developer/Toolchains/XcodeDefault.xctoolchain/usr/include -Wno-reorder-init-list -Wno-implicit-int-float-conversion -Wno-c99-designator -Wno-final-dtor-non-final-class -Wno-extra-semi-stmt -Wno-misleading-indentation -Wno-quoted-include-in-framework-header -Wno-implicit-fallthrough -Wno-enum-enum-conversion -Wno-enum-float-conversion -Wno-elaborated-enum-base -Wno-reserved-identifier -Wno-gnu-folding-constant -Wno-cast-function-type -Wno-bitwise-instead-of-logical -fdebug-compilation-dir=/Users/tingan/Desktop/未命名文件夹/speech_ncnn/build/CMakeFiles/CMakeScratch/TryCompile-EBCmpW -ferror-limit 19 -stack-protector 1 -fstack-check -mdarwin-stkchk-strong-link -fblocks -fencode-extended-block-signature -fregister-global-dtors-with-atexit -fgnuc-version=4.2.1 -fmax-type-align=16 -fcommon -clang-vendor-feature=+messageToSelfInClassMethodIdReturnType -clang-vendor-feature=+disableInferNewAvailabilityFromInit -clang-vendor-feature=+disableNonDependentMemberExprInCurrentInstantiation -fno-odr-hash-protocols -clang-vendor-feature=+enableAggressiveVLAFolding -clang-vendor-feature=+revert09abecef7bbf -clang-vendor-feature=+thisNoAlignAttr -clang-vendor-feature=+thisNoNullAttr -mllvm -disable-aligned-alloc-awareness=1 -D__GCC_HAVE_DWARF2_CFI_ASM=1 -o CMakeFiles/cmTC_7c27a.dir/CMakeCCompilerABI.c.o -x c /opt/homebrew/Cellar/cmake/3.25.2/share/cmake/Modules/CMakeCCompilerABI.c
clang -cc1 version 14.0.0 (clang-1400.0.29.202) default target arm64-apple-darwin22.3.0
ignoring nonexistent directory "/Applications/Xcode.app/Contents/Developer/Platforms/MacOSX.platform/Developer/SDKs/MacOSX13.1.sdk/usr/local/include"
ignoring nonexistent directory "/Applications/Xcode.app/Contents/Developer/Platforms/MacOSX.platform/Developer/SDKs/MacOSX13.1.sdk/Library/Frameworks"
#include "..." search starts here:
#include <...> search starts here:
 /Applications/Xcode.app/Contents/Developer/Toolchains/XcodeDefault.xctoolchain/usr/lib/clang/14.0.0/include
 /Applications/Xcode.app/Contents/Developer/Platforms/MacOSX.platform/Developer/SDKs/MacOSX13.1.sdk/usr/include
 /Applications/Xcode.app/Contents/Developer/Toolchains/XcodeDefault.xctoolchain/usr/include
 /Applications/Xcode.app/Contents/Developer/Platforms/MacOSX.platform/Developer/SDKs/MacOSX13.1.sdk/System/Library/Frameworks (framework directory)
End of search list.
Linking C executable cmTC_7c27a
/opt/homebrew/Cellar/cmake/3.25.2/bin/cmake -E cmake_link_script CMakeFiles/cmTC_7c27a.dir/link.txt --verbose=1
/usr/bin/clang  -arch arm64 -isysroot /Applications/Xcode.app/Contents/Developer/Platforms/MacOSX.platform/Developer/SDKs/MacOSX13.1.sdk -Wl,-search_paths_first -Wl,-headerpad_max_install_names  -v -Wl,-v CMakeFiles/cmTC_7c27a.dir/CMakeCCompilerABI.c.o -o cmTC_7c27a 
Apple clang version 14.0.0 (clang-1400.0.29.202)
Target: arm64-apple-darwin22.3.0
Thread model: posix
InstalledDir: /Applications/Xcode.app/Contents/Developer/Toolchains/XcodeDefault.xctoolchain/usr/bin
 "/Applications/Xcode.app/Contents/Developer/Toolchains/XcodeDefault.xctoolchain/usr/bin/ld" -demangle -lto_library /Applications/Xcode.app/Contents/Developer/Toolchains/XcodeDefault.xctoolchain/usr/lib/libLTO.dylib -dynamic -arch arm64 -platform_version macos 13.0.0 13.1 -syslibroot /Applications/Xcode.app/Contents/Developer/Platforms/MacOSX.platform/Developer/SDKs/MacOSX13.1.sdk -o cmTC_7c27a -search_paths_first -headerpad_max_install_names -v CMakeFiles/cmTC_7c27a.dir/CMakeCCompilerABI.c.o -lSystem /Applications/Xcode.app/Contents/Developer/Toolchains/XcodeDefault.xctoolchain/usr/lib/clang/14.0.0/lib/darwin/libclang_rt.osx.a
@(#)PROGRAM:ld  PROJECT:ld64-820.1
BUILD 20:07:05 Nov  7 2022
configured to support archs: armv6 armv7 armv7s arm64 arm64e arm64_32 i386 x86_64 x86_64h armv6m armv7k armv7m armv7em
Library search paths:
	/Applications/Xcode.app/Contents/Developer/Platforms/MacOSX.platform/Developer/SDKs/MacOSX13.1.sdk/usr/lib
Framework search paths:
	/Applications/Xcode.app/Contents/Developer/Platforms/MacOSX.platform/Developer/SDKs/MacOSX13.1.sdk/System/Library/Frameworks/



Parsed C implicit include dir info from above output: rv=done
  found start of include info
  found start of implicit include info
    add: [/Applications/Xcode.app/Contents/Developer/Toolchains/XcodeDefault.xctoolchain/usr/lib/clang/14.0.0/include]
    add: [/Applications/Xcode.app/Contents/Developer/Platforms/MacOSX.platform/Developer/SDKs/MacOSX13.1.sdk/usr/include]
    add: [/Applications/Xcode.app/Contents/Developer/Toolchains/XcodeDefault.xctoolchain/usr/include]
  end of search list found
  collapse include dir [/Applications/Xcode.app/Contents/Developer/Toolchains/XcodeDefault.xctoolchain/usr/lib/clang/14.0.0/include] ==> [/Applications/Xcode.app/Contents/Developer/Toolchains/XcodeDefault.xctoolchain/usr/lib/clang/14.0.0/include]
  collapse include dir [/Applications/Xcode.app/Contents/Developer/Platforms/MacOSX.platform/Developer/SDKs/MacOSX13.1.sdk/usr/include] ==> [/Applications/Xcode.app/Contents/Developer/Platforms/MacOSX.platform/Developer/SDKs/MacOSX13.1.sdk/usr/include]
  collapse include dir [/Applications/Xcode.app/Contents/Developer/Toolchains/XcodeDefault.xctoolchain/usr/include] ==> [/Applications/Xcode.app/Contents/Developer/Toolchains/XcodeDefault.xctoolchain/usr/include]
  implicit include dirs: [/Applications/Xcode.app/Contents/Developer/Toolchains/XcodeDefault.xctoolchain/usr/lib/clang/14.0.0/include;/Applications/Xcode.app/Contents/Developer/Platforms/MacOSX.platform/Developer/SDKs/MacOSX13.1.sdk/usr/include;/Applications/Xcode.app/Contents/Developer/Toolchains/XcodeDefault.xctoolchain/usr/include]


Parsed C implicit link information from above output:
  link line regex: [^( *|.*[/\])(ld|CMAKE_LINK_STARTFILE-NOTFOUND|([^/\]+-)?ld|collect2)[^/\]*( |$)]
  ignore line: [Change Dir: /Users/tingan/Desktop/未命名文件夹/speech_ncnn/build/CMakeFiles/CMakeScratch/TryCompile-EBCmpW]
  ignore line: []
  ignore line: [Run Build Command(s):/usr/bin/make -f Makefile cmTC_7c27a/fast && /Applications/Xcode.app/Contents/Developer/usr/bin/make  -f CMakeFiles/cmTC_7c27a.dir/build.make CMakeFiles/cmTC_7c27a.dir/build]
  ignore line: [Building C object CMakeFiles/cmTC_7c27a.dir/CMakeCCompilerABI.c.o]
  ignore line: [/usr/bin/clang   -arch arm64 -isysroot /Applications/Xcode.app/Contents/Developer/Platforms/MacOSX.platform/Developer/SDKs/MacOSX13.1.sdk   -v -Wl -v -MD -MT CMakeFiles/cmTC_7c27a.dir/CMakeCCompilerABI.c.o -MF CMakeFiles/cmTC_7c27a.dir/CMakeCCompilerABI.c.o.d -o CMakeFiles/cmTC_7c27a.dir/CMakeCCompilerABI.c.o -c /opt/homebrew/Cellar/cmake/3.25.2/share/cmake/Modules/CMakeCCompilerABI.c]
  ignore line: [Apple clang version 14.0.0 (clang-1400.0.29.202)]
  ignore line: [Target: arm64-apple-darwin22.3.0]
  ignore line: [Thread model: posix]
  ignore line: [InstalledDir: /Applications/Xcode.app/Contents/Developer/Toolchains/XcodeDefault.xctoolchain/usr/bin]
  ignore line: [clang: warning: -Wl -v: 'linker' input unused [-Wunused-command-line-argument]]
  ignore line: [ "/Applications/Xcode.app/Contents/Developer/Toolchains/XcodeDefault.xctoolchain/usr/bin/clang" -cc1 -triple arm64-apple-macosx13.0.0 -Wundef-prefix=TARGET_OS_ -Wdeprecated-objc-isa-usage -Werror=deprecated-objc-isa-usage -Werror=implicit-function-declaration -emit-obj -mrelax-all --mrelax-relocations -disable-free -clear-ast-before-backend -disable-llvm-verifier -discard-value-names -main-file-name CMakeCCompilerABI.c -mrelocation-model pic -pic-level 2 -mframe-pointer=non-leaf -fno-strict-return -fno-rounding-math -funwind-tables=2 -fobjc-msgsend-selector-stubs -target-sdk-version=13.1 -fvisibility-inlines-hidden-static-local-var -target-cpu apple-m1 -target-feature +v8.5a -target-feature +fp-armv8 -target-feature +neon -target-feature +crc -target-feature +crypto -target-feature +dotprod -target-feature +fp16fml -target-feature +ras -target-feature +lse -target-feature +rdm -target-feature +rcpc -target-feature +zcm -target-feature +zcz -target-feature +fullfp16 -target-feature +sm4 -target-feature +sha3 -target-feature +sha2 -target-feature +aes -target-abi darwinpcs -fallow-half-arguments-and-returns -debugger-tuning=lldb -target-linker-version 820.1 -v -resource-dir /Applications/Xcode.app/Contents/Developer/Toolchains/XcodeDefault.xctoolchain/usr/lib/clang/14.0.0 -dependency-file CMakeFiles/cmTC_7c27a.dir/CMakeCCompilerABI.c.o.d -skip-unused-modulemap-deps -MT CMakeFiles/cmTC_7c27a.dir/CMakeCCompilerABI.c.o -sys-header-deps -isysroot /Applications/Xcode.app/Contents/Developer/Platforms/MacOSX.platform/Developer/SDKs/MacOSX13.1.sdk -internal-isystem /Applications/Xcode.app/Contents/Developer/Platforms/MacOSX.platform/Developer/SDKs/MacOSX13.1.sdk/usr/local/include -internal-isystem /Applications/Xcode.app/Contents/Developer/Toolchains/XcodeDefault.xctoolchain/usr/lib/clang/14.0.0/include -internal-externc-isystem /Applications/Xcode.app/Contents/Developer/Platforms/MacOSX.platform/Developer/SDKs/MacOSX13.1.sdk/usr/include -internal-externc-isystem /Applications/Xcode.app/Contents/Developer/Toolchains/XcodeDefault.xctoolchain/usr/include -Wno-reorder-init-list -Wno-implicit-int-float-conversion -Wno-c99-designator -Wno-final-dtor-non-final-class -Wno-extra-semi-stmt -Wno-misleading-indentation -Wno-quoted-include-in-framework-header -Wno-implicit-fallthrough -Wno-enum-enum-conversion -Wno-enum-float-conversion -Wno-elaborated-enum-base -Wno-reserved-identifier -Wno-gnu-folding-constant -Wno-cast-function-type -Wno-bitwise-instead-of-logical -fdebug-compilation-dir=/Users/tingan/Desktop/未命名文件夹/speech_ncnn/build/CMakeFiles/CMakeScratch/TryCompile-EBCmpW -ferror-limit 19 -stack-protector 1 -fstack-check -mdarwin-stkchk-strong-link -fblocks -fencode-extended-block-signature -fregister-global-dtors-with-atexit -fgnuc-version=4.2.1 -fmax-type-align=16 -fcommon -clang-vendor-feature=+messageToSelfInClassMethodIdReturnType -clang-vendor-feature=+disableInferNewAvailabilityFromInit -clang-vendor-feature=+disableNonDependentMemberExprInCurrentInstantiation -fno-odr-hash-protocols -clang-vendor-feature=+enableAggressiveVLAFolding -clang-vendor-feature=+revert09abecef7bbf -clang-vendor-feature=+thisNoAlignAttr -clang-vendor-feature=+thisNoNullAttr -mllvm -disable-aligned-alloc-awareness=1 -D__GCC_HAVE_DWARF2_CFI_ASM=1 -o CMakeFiles/cmTC_7c27a.dir/CMakeCCompilerABI.c.o -x c /opt/homebrew/Cellar/cmake/3.25.2/share/cmake/Modules/CMakeCCompilerABI.c]
  ignore line: [clang -cc1 version 14.0.0 (clang-1400.0.29.202) default target arm64-apple-darwin22.3.0]
  ignore line: [ignoring nonexistent directory "/Applications/Xcode.app/Contents/Developer/Platforms/MacOSX.platform/Developer/SDKs/MacOSX13.1.sdk/usr/local/include"]
  ignore line: [ignoring nonexistent directory "/Applications/Xcode.app/Contents/Developer/Platforms/MacOSX.platform/Developer/SDKs/MacOSX13.1.sdk/Library/Frameworks"]
  ignore line: [#include "..." search starts here:]
  ignore line: [#include <...> search starts here:]
  ignore line: [ /Applications/Xcode.app/Contents/Developer/Toolchains/XcodeDefault.xctoolchain/usr/lib/clang/14.0.0/include]
  ignore line: [ /Applications/Xcode.app/Contents/Developer/Platforms/MacOSX.platform/Developer/SDKs/MacOSX13.1.sdk/usr/include]
  ignore line: [ /Applications/Xcode.app/Contents/Developer/Toolchains/XcodeDefault.xctoolchain/usr/include]
  ignore line: [ /Applications/Xcode.app/Contents/Developer/Platforms/MacOSX.platform/Developer/SDKs/MacOSX13.1.sdk/System/Library/Frameworks (framework directory)]
  ignore line: [End of search list.]
  ignore line: [Linking C executable cmTC_7c27a]
  ignore line: [/opt/homebrew/Cellar/cmake/3.25.2/bin/cmake -E cmake_link_script CMakeFiles/cmTC_7c27a.dir/link.txt --verbose=1]
  ignore line: [/usr/bin/clang  -arch arm64 -isysroot /Applications/Xcode.app/Contents/Developer/Platforms/MacOSX.platform/Developer/SDKs/MacOSX13.1.sdk -Wl -search_paths_first -Wl -headerpad_max_install_names  -v -Wl -v CMakeFiles/cmTC_7c27a.dir/CMakeCCompilerABI.c.o -o cmTC_7c27a ]
  ignore line: [Apple clang version 14.0.0 (clang-1400.0.29.202)]
  ignore line: [Target: arm64-apple-darwin22.3.0]
  ignore line: [Thread model: posix]
  ignore line: [InstalledDir: /Applications/Xcode.app/Contents/Developer/Toolchains/XcodeDefault.xctoolchain/usr/bin]
  link line: [ "/Applications/Xcode.app/Contents/Developer/Toolchains/XcodeDefault.xctoolchain/usr/bin/ld" -demangle -lto_library /Applications/Xcode.app/Contents/Developer/Toolchains/XcodeDefault.xctoolchain/usr/lib/libLTO.dylib -dynamic -arch arm64 -platform_version macos 13.0.0 13.1 -syslibroot /Applications/Xcode.app/Contents/Developer/Platforms/MacOSX.platform/Developer/SDKs/MacOSX13.1.sdk -o cmTC_7c27a -search_paths_first -headerpad_max_install_names -v CMakeFiles/cmTC_7c27a.dir/CMakeCCompilerABI.c.o -lSystem /Applications/Xcode.app/Contents/Developer/Toolchains/XcodeDefault.xctoolchain/usr/lib/clang/14.0.0/lib/darwin/libclang_rt.osx.a]
    arg [/Applications/Xcode.app/Contents/Developer/Toolchains/XcodeDefault.xctoolchain/usr/bin/ld] ==> ignore
    arg [-demangle] ==> ignore
    arg [-lto_library] ==> ignore, skip following value
    arg [/Applications/Xcode.app/Contents/Developer/Toolchains/XcodeDefault.xctoolchain/usr/lib/libLTO.dylib] ==> skip value of -lto_library
    arg [-dynamic] ==> ignore
    arg [-arch] ==> ignore
    arg [arm64] ==> ignore
    arg [-platform_version] ==> ignore
    arg [macos] ==> ignore
    arg [13.0.0] ==> ignore
    arg [13.1] ==> ignore
    arg [-syslibroot] ==> ignore
    arg [/Applications/Xcode.app/Contents/Developer/Platforms/MacOSX.platform/Developer/SDKs/MacOSX13.1.sdk] ==> ignore
    arg [-o] ==> ignore
    arg [cmTC_7c27a] ==> ignore
    arg [-search_paths_first] ==> ignore
    arg [-headerpad_max_install_names] ==> ignore
    arg [-v] ==> ignore
    arg [CMakeFiles/cmTC_7c27a.dir/CMakeCCompilerABI.c.o] ==> ignore
    arg [-lSystem] ==> lib [System]
    arg [/Applications/Xcode.app/Contents/Developer/Toolchains/XcodeDefault.xctoolchain/usr/lib/clang/14.0.0/lib/darwin/libclang_rt.osx.a] ==> lib [/Applications/Xcode.app/Contents/Developer/Toolchains/XcodeDefault.xctoolchain/usr/lib/clang/14.0.0/lib/darwin/libclang_rt.osx.a]
  Library search paths: [;/Applications/Xcode.app/Contents/Developer/Platforms/MacOSX.platform/Developer/SDKs/MacOSX13.1.sdk/usr/lib]
  Framework search paths: [;/Applications/Xcode.app/Contents/Developer/Platforms/MacOSX.platform/Developer/SDKs/MacOSX13.1.sdk/System/Library/Frameworks/]
  remove lib [System]
  remove lib [/Applications/Xcode.app/Contents/Developer/Toolchains/XcodeDefault.xctoolchain/usr/lib/clang/14.0.0/lib/darwin/libclang_rt.osx.a]
  collapse library dir [/Applications/Xcode.app/Contents/Developer/Platforms/MacOSX.platform/Developer/SDKs/MacOSX13.1.sdk/usr/lib] ==> [/Applications/Xcode.app/Contents/Developer/Platforms/MacOSX.platform/Developer/SDKs/MacOSX13.1.sdk/usr/lib]
  collapse framework dir [/Applications/Xcode.app/Contents/Developer/Platforms/MacOSX.platform/Developer/SDKs/MacOSX13.1.sdk/System/Library/Frameworks/] ==> [/Applications/Xcode.app/Contents/Developer/Platforms/MacOSX.platform/Developer/SDKs/MacOSX13.1.sdk/System/Library/Frameworks]
  implicit libs: []
  implicit objs: []
  implicit dirs: [/Applications/Xcode.app/Contents/Developer/Platforms/MacOSX.platform/Developer/SDKs/MacOSX13.1.sdk/usr/lib]
  implicit fwks: [/Applications/Xcode.app/Contents/Developer/Platforms/MacOSX.platform/Developer/SDKs/MacOSX13.1.sdk/System/Library/Frameworks]


Detecting CXX compiler ABI info compiled with the following output:
Change Dir: /Users/tingan/Desktop/未命名文件夹/speech_ncnn/build/CMakeFiles/CMakeScratch/TryCompile-qgSp23

Run Build Command(s):/usr/bin/make -f Makefile cmTC_04b1c/fast && /Applications/Xcode.app/Contents/Developer/usr/bin/make  -f CMakeFiles/cmTC_04b1c.dir/build.make CMakeFiles/cmTC_04b1c.dir/build
Building CXX object CMakeFiles/cmTC_04b1c.dir/CMakeCXXCompilerABI.cpp.o
/usr/bin/clang++   -arch arm64 -isysroot /Applications/Xcode.app/Contents/Developer/Platforms/MacOSX.platform/Developer/SDKs/MacOSX13.1.sdk   -v -Wl,-v -MD -MT CMakeFiles/cmTC_04b1c.dir/CMakeCXXCompilerABI.cpp.o -MF CMakeFiles/cmTC_04b1c.dir/CMakeCXXCompilerABI.cpp.o.d -o CMakeFiles/cmTC_04b1c.dir/CMakeCXXCompilerABI.cpp.o -c /opt/homebrew/Cellar/cmake/3.25.2/share/cmake/Modules/CMakeCXXCompilerABI.cpp
Apple clang version 14.0.0 (clang-1400.0.29.202)
Target: arm64-apple-darwin22.3.0
Thread model: posix
InstalledDir: /Applications/Xcode.app/Contents/Developer/Toolchains/XcodeDefault.xctoolchain/usr/bin
clang: warning: -Wl,-v: 'linker' input unused [-Wunused-command-line-argument]
 "/Applications/Xcode.app/Contents/Developer/Toolchains/XcodeDefault.xctoolchain/usr/bin/clang" -cc1 -triple arm64-apple-macosx13.0.0 -Wundef-prefix=TARGET_OS_ -Wdeprecated-objc-isa-usage -Werror=deprecated-objc-isa-usage -Werror=implicit-function-declaration -emit-obj -mrelax-all --mrelax-relocations -disable-free -clear-ast-before-backend -disable-llvm-verifier -discard-value-names -main-file-name CMakeCXXCompilerABI.cpp -mrelocation-model pic -pic-level 2 -mframe-pointer=non-leaf -fno-strict-return -fno-rounding-math -funwind-tables=2 -fobjc-msgsend-selector-stubs -target-sdk-version=13.1 -fvisibility-inlines-hidden-static-local-var -target-cpu apple-m1 -target-feature +v8.5a -target-feature +fp-armv8 -target-feature +neon -target-feature +crc -target-feature +crypto -target-feature +dotprod -target-feature +fp16fml -target-feature +ras -target-feature +lse -target-feature +rdm -target-feature +rcpc -target-feature +zcm -target-feature +zcz -target-feature +fullfp16 -target-feature +sm4 -target-feature +sha3 -target-feature +sha2 -target-feature +aes -target-abi darwinpcs -fallow-half-arguments-and-returns -debugger-tuning=lldb -target-linker-version 820.1 -v -resource-dir /Applications/Xcode.app/Contents/Developer/Toolchains/XcodeDefault.xctoolchain/usr/lib/clang/14.0.0 -dependency-file CMakeFiles/cmTC_04b1c.dir/CMakeCXXCompilerABI.cpp.o.d -skip-unused-modulemap-deps -MT CMakeFiles/cmTC_04b1c.dir/CMakeCXXCompilerABI.cpp.o -sys-header-deps -isysroot /Applications/Xcode.app/Contents/Developer/Platforms/MacOSX.platform/Developer/SDKs/MacOSX13.1.sdk -stdlib=libc++ -internal-isystem /Applications/Xcode.app/Contents/Developer/Platforms/MacOSX.platform/Developer/SDKs/MacOSX13.1.sdk/usr/include/c++/v1 -internal-isystem /Applications/Xcode.app/Contents/Developer/Platforms/MacOSX.platform/Developer/SDKs/MacOSX13.1.sdk/usr/local/include -internal-isystem /Applications/Xcode.app/Contents/Developer/Toolchains/XcodeDefault.xctoolchain/usr/lib/clang/14.0.0/include -internal-externc-isystem /Applications/Xcode.app/Contents/Developer/Platforms/MacOSX.platform/Developer/SDKs/MacOSX13.1.sdk/usr/include -internal-externc-isystem /Applications/Xcode.app/Contents/Developer/Toolchains/XcodeDefault.xctoolchain/usr/include -Wno-reorder-init-list -Wno-implicit-int-float-conversion -Wno-c99-designator -Wno-final-dtor-non-final-class -Wno-extra-semi-stmt -Wno-misleading-indentation -Wno-quoted-include-in-framework-header -Wno-implicit-fallthrough -Wno-enum-enum-conversion -Wno-enum-float-conversion -Wno-elaborated-enum-base -Wno-reserved-identifier -Wno-gnu-folding-constant -Wno-cast-function-type -Wno-bitwise-instead-of-logical -fdeprecated-macro -fdebug-compilation-dir=/Users/tingan/Desktop/未命名文件夹/speech_ncnn/build/CMakeFiles/CMakeScratch/TryCompile-qgSp23 -ferror-limit 19 -stack-protector 1 -fstack-check -mdarwin-stkchk-strong-link -fblocks -fencode-extended-block-signature -fregister-global-dtors-with-atexit -fgnuc-version=4.2.1 -fno-cxx-modules -fcxx-exceptions -fexceptions -fmax-type-align=16 -fcommon -clang-vendor-feature=+messageToSelfInClassMethodIdReturnType -clang-vendor-feature=+disableInferNewAvailabilityFromInit -clang-vendor-feature=+disableNonDependentMemberExprInCurrentInstantiation -fno-odr-hash-protocols -clang-vendor-feature=+enableAggressiveVLAFolding -clang-vendor-feature=+revert09abecef7bbf -clang-vendor-feature=+thisNoAlignAttr -clang-vendor-feature=+thisNoNullAttr -mllvm -disable-aligned-alloc-awareness=1 -D__GCC_HAVE_DWARF2_CFI_ASM=1 -o CMakeFiles/cmTC_04b1c.dir/CMakeCXXCompilerABI.cpp.o -x c++ /opt/homebrew/Cellar/cmake/3.25.2/share/cmake/Modules/CMakeCXXCompilerABI.cpp
clang -cc1 version 14.0.0 (clang-1400.0.29.202) default target arm64-apple-darwin22.3.0
ignoring nonexistent directory "/Applications/Xcode.app/Contents/Developer/Platforms/MacOSX.platform/Developer/SDKs/MacOSX13.1.sdk/usr/local/include"
ignoring nonexistent directory "/Applications/Xcode.app/Contents/Developer/Platforms/MacOSX.platform/Developer/SDKs/MacOSX13.1.sdk/Library/Frameworks"
#include "..." search starts here:
#include <...> search starts here:
 /Applications/Xcode.app/Contents/Developer/Platforms/MacOSX.platform/Developer/SDKs/MacOSX13.1.sdk/usr/include/c++/v1
 /Applications/Xcode.app/Contents/Developer/Toolchains/XcodeDefault.xctoolchain/usr/lib/clang/14.0.0/include
 /Applications/Xcode.app/Contents/Developer/Platforms/MacOSX.platform/Developer/SDKs/MacOSX13.1.sdk/usr/include
 /Applications/Xcode.app/Contents/Developer/Toolchains/XcodeDefault.xctoolchain/usr/include
 /Applications/Xcode.app/Contents/Developer/Platforms/MacOSX.platform/Developer/SDKs/MacOSX13.1.sdk/System/Library/Frameworks (framework directory)
End of search list.
Linking CXX executable cmTC_04b1c
/opt/homebrew/Cellar/cmake/3.25.2/bin/cmake -E cmake_link_script CMakeFiles/cmTC_04b1c.dir/link.txt --verbose=1
/usr/bin/clang++  -arch arm64 -isysroot /Applications/Xcode.app/Contents/Developer/Platforms/MacOSX.platform/Developer/SDKs/MacOSX13.1.sdk -Wl,-search_paths_first -Wl,-headerpad_max_install_names  -v -Wl,-v CMakeFiles/cmTC_04b1c.dir/CMakeCXXCompilerABI.cpp.o -o cmTC_04b1c 
Apple clang version 14.0.0 (clang-1400.0.29.202)
Target: arm64-apple-darwin22.3.0
Thread model: posix
InstalledDir: /Applications/Xcode.app/Contents/Developer/Toolchains/XcodeDefault.xctoolchain/usr/bin
 "/Applications/Xcode.app/Contents/Developer/Toolchains/XcodeDefault.xctoolchain/usr/bin/ld" -demangle -lto_library /Applications/Xcode.app/Contents/Developer/Toolchains/XcodeDefault.xctoolchain/usr/lib/libLTO.dylib -dynamic -arch arm64 -platform_version macos 13.0.0 13.1 -syslibroot /Applications/Xcode.app/Contents/Developer/Platforms/MacOSX.platform/Developer/SDKs/MacOSX13.1.sdk -o cmTC_04b1c -search_paths_first -headerpad_max_install_names -v CMakeFiles/cmTC_04b1c.dir/CMakeCXXCompilerABI.cpp.o -lc++ -lSystem /Applications/Xcode.app/Contents/Developer/Toolchains/XcodeDefault.xctoolchain/usr/lib/clang/14.0.0/lib/darwin/libclang_rt.osx.a
@(#)PROGRAM:ld  PROJECT:ld64-820.1
BUILD 20:07:05 Nov  7 2022
configured to support archs: armv6 armv7 armv7s arm64 arm64e arm64_32 i386 x86_64 x86_64h armv6m armv7k armv7m armv7em
Library search paths:
	/Applications/Xcode.app/Contents/Developer/Platforms/MacOSX.platform/Developer/SDKs/MacOSX13.1.sdk/usr/lib
Framework search paths:
	/Applications/Xcode.app/Contents/Developer/Platforms/MacOSX.platform/Developer/SDKs/MacOSX13.1.sdk/System/Library/Frameworks/



Parsed CXX implicit include dir info from above output: rv=done
  found start of include info
  found start of implicit include info
    add: [/Applications/Xcode.app/Contents/Developer/Platforms/MacOSX.platform/Developer/SDKs/MacOSX13.1.sdk/usr/include/c++/v1]
    add: [/Applications/Xcode.app/Contents/Developer/Toolchains/XcodeDefault.xctoolchain/usr/lib/clang/14.0.0/include]
    add: [/Applications/Xcode.app/Contents/Developer/Platforms/MacOSX.platform/Developer/SDKs/MacOSX13.1.sdk/usr/include]
    add: [/Applications/Xcode.app/Contents/Developer/Toolchains/XcodeDefault.xctoolchain/usr/include]
  end of search list found
  collapse include dir [/Applications/Xcode.app/Contents/Developer/Platforms/MacOSX.platform/Developer/SDKs/MacOSX13.1.sdk/usr/include/c++/v1] ==> [/Applications/Xcode.app/Contents/Developer/Platforms/MacOSX.platform/Developer/SDKs/MacOSX13.1.sdk/usr/include/c++/v1]
  collapse include dir [/Applications/Xcode.app/Contents/Developer/Toolchains/XcodeDefault.xctoolchain/usr/lib/clang/14.0.0/include] ==> [/Applications/Xcode.app/Contents/Developer/Toolchains/XcodeDefault.xctoolchain/usr/lib/clang/14.0.0/include]
  collapse include dir [/Applications/Xcode.app/Contents/Developer/Platforms/MacOSX.platform/Developer/SDKs/MacOSX13.1.sdk/usr/include] ==> [/Applications/Xcode.app/Contents/Developer/Platforms/MacOSX.platform/Developer/SDKs/MacOSX13.1.sdk/usr/include]
  collapse include dir [/Applications/Xcode.app/Contents/Developer/Toolchains/XcodeDefault.xctoolchain/usr/include] ==> [/Applications/Xcode.app/Contents/Developer/Toolchains/XcodeDefault.xctoolchain/usr/include]
  implicit include dirs: [/Applications/Xcode.app/Contents/Developer/Platforms/MacOSX.platform/Developer/SDKs/MacOSX13.1.sdk/usr/include/c++/v1;/Applications/Xcode.app/Contents/Developer/Toolchains/XcodeDefault.xctoolchain/usr/lib/clang/14.0.0/include;/Applications/Xcode.app/Contents/Developer/Platforms/MacOSX.platform/Developer/SDKs/MacOSX13.1.sdk/usr/include;/Applications/Xcode.app/Contents/Developer/Toolchains/XcodeDefault.xctoolchain/usr/include]


Parsed CXX implicit link information from above output:
  link line regex: [^( *|.*[/\])(ld|CMAKE_LINK_STARTFILE-NOTFOUND|([^/\]+-)?ld|collect2)[^/\]*( |$)]
  ignore line: [Change Dir: /Users/tingan/Desktop/未命名文件夹/speech_ncnn/build/CMakeFiles/CMakeScratch/TryCompile-qgSp23]
  ignore line: []
  ignore line: [Run Build Command(s):/usr/bin/make -f Makefile cmTC_04b1c/fast && /Applications/Xcode.app/Contents/Developer/usr/bin/make  -f CMakeFiles/cmTC_04b1c.dir/build.make CMakeFiles/cmTC_04b1c.dir/build]
  ignore line: [Building CXX object CMakeFiles/cmTC_04b1c.dir/CMakeCXXCompilerABI.cpp.o]
  ignore line: [/usr/bin/clang++   -arch arm64 -isysroot /Applications/Xcode.app/Contents/Developer/Platforms/MacOSX.platform/Developer/SDKs/MacOSX13.1.sdk   -v -Wl -v -MD -MT CMakeFiles/cmTC_04b1c.dir/CMakeCXXCompilerABI.cpp.o -MF CMakeFiles/cmTC_04b1c.dir/CMakeCXXCompilerABI.cpp.o.d -o CMakeFiles/cmTC_04b1c.dir/CMakeCXXCompilerABI.cpp.o -c /opt/homebrew/Cellar/cmake/3.25.2/share/cmake/Modules/CMakeCXXCompilerABI.cpp]
  ignore line: [Apple clang version 14.0.0 (clang-1400.0.29.202)]
  ignore line: [Target: arm64-apple-darwin22.3.0]
  ignore line: [Thread model: posix]
  ignore line: [InstalledDir: /Applications/Xcode.app/Contents/Developer/Toolchains/XcodeDefault.xctoolchain/usr/bin]
  ignore line: [clang: warning: -Wl -v: 'linker' input unused [-Wunused-command-line-argument]]
  ignore line: [ "/Applications/Xcode.app/Contents/Developer/Toolchains/XcodeDefault.xctoolchain/usr/bin/clang" -cc1 -triple arm64-apple-macosx13.0.0 -Wundef-prefix=TARGET_OS_ -Wdeprecated-objc-isa-usage -Werror=deprecated-objc-isa-usage -Werror=implicit-function-declaration -emit-obj -mrelax-all --mrelax-relocations -disable-free -clear-ast-before-backend -disable-llvm-verifier -discard-value-names -main-file-name CMakeCXXCompilerABI.cpp -mrelocation-model pic -pic-level 2 -mframe-pointer=non-leaf -fno-strict-return -fno-rounding-math -funwind-tables=2 -fobjc-msgsend-selector-stubs -target-sdk-version=13.1 -fvisibility-inlines-hidden-static-local-var -target-cpu apple-m1 -target-feature +v8.5a -target-feature +fp-armv8 -target-feature +neon -target-feature +crc -target-feature +crypto -target-feature +dotprod -target-feature +fp16fml -target-feature +ras -target-feature +lse -target-feature +rdm -target-feature +rcpc -target-feature +zcm -target-feature +zcz -target-feature +fullfp16 -target-feature +sm4 -target-feature +sha3 -target-feature +sha2 -target-feature +aes -target-abi darwinpcs -fallow-half-arguments-and-returns -debugger-tuning=lldb -target-linker-version 820.1 -v -resource-dir /Applications/Xcode.app/Contents/Developer/Toolchains/XcodeDefault.xctoolchain/usr/lib/clang/14.0.0 -dependency-file CMakeFiles/cmTC_04b1c.dir/CMakeCXXCompilerABI.cpp.o.d -skip-unused-modulemap-deps -MT CMakeFiles/cmTC_04b1c.dir/CMakeCXXCompilerABI.cpp.o -sys-header-deps -isysroot /Applications/Xcode.app/Contents/Developer/Platforms/MacOSX.platform/Developer/SDKs/MacOSX13.1.sdk -stdlib=libc++ -internal-isystem /Applications/Xcode.app/Contents/Developer/Platforms/MacOSX.platform/Developer/SDKs/MacOSX13.1.sdk/usr/include/c++/v1 -internal-isystem /Applications/Xcode.app/Contents/Developer/Platforms/MacOSX.platform/Developer/SDKs/MacOSX13.1.sdk/usr/local/include -internal-isystem /Applications/Xcode.app/Contents/Developer/Toolchains/XcodeDefault.xctoolchain/usr/lib/clang/14.0.0/include -internal-externc-isystem /Applications/Xcode.app/Contents/Developer/Platforms/MacOSX.platform/Developer/SDKs/MacOSX13.1.sdk/usr/include -internal-externc-isystem /Applications/Xcode.app/Contents/Developer/Toolchains/XcodeDefault.xctoolchain/usr/include -Wno-reorder-init-list -Wno-implicit-int-float-conversion -Wno-c99-designator -Wno-final-dtor-non-final-class -Wno-extra-semi-stmt -Wno-misleading-indentation -Wno-quoted-include-in-framework-header -Wno-implicit-fallthrough -Wno-enum-enum-conversion -Wno-enum-float-conversion -Wno-elaborated-enum-base -Wno-reserved-identifier -Wno-gnu-folding-constant -Wno-cast-function-type -Wno-bitwise-instead-of-logical -fdeprecated-macro -fdebug-compilation-dir=/Users/tingan/Desktop/未命名文件夹/speech_ncnn/build/CMakeFiles/CMakeScratch/TryCompile-qgSp23 -ferror-limit 19 -stack-protector 1 -fstack-check -mdarwin-stkchk-strong-link -fblocks -fencode-extended-block-signature -fregister-global-dtors-with-atexit -fgnuc-version=4.2.1 -fno-cxx-modules -fcxx-exceptions -fexceptions -fmax-type-align=16 -fcommon -clang-vendor-feature=+messageToSelfInClassMethodIdReturnType -clang-vendor-feature=+disableInferNewAvailabilityFromInit -clang-vendor-feature=+disableNonDependentMemberExprInCurrentInstantiation -fno-odr-hash-protocols -clang-vendor-feature=+enableAggressiveVLAFolding -clang-vendor-feature=+revert09abecef7bbf -clang-vendor-feature=+thisNoAlignAttr -clang-vendor-feature=+thisNoNullAttr -mllvm -disable-aligned-alloc-awareness=1 -D__GCC_HAVE_DWARF2_CFI_ASM=1 -o CMakeFiles/cmTC_04b1c.dir/CMakeCXXCompilerABI.cpp.o -x c++ /opt/homebrew/Cellar/cmake/3.25.2/share/cmake/Modules/CMakeCXXCompilerABI.cpp]
  ignore line: [clang -cc1 version 14.0.0 (clang-1400.0.29.202) default target arm64-apple-darwin22.3.0]
  ignore line: [ignoring nonexistent directory "/Applications/Xcode.app/Contents/Developer/Platforms/MacOSX.platform/Developer/SDKs/MacOSX13.1.sdk/usr/local/include"]
  ignore line: [ignoring nonexistent directory "/Applications/Xcode.app/Contents/Developer/Platforms/MacOSX.platform/Developer/SDKs/MacOSX13.1.sdk/Library/Frameworks"]
  ignore line: [#include "..." search starts here:]
  ignore line: [#include <...> search starts here:]
  ignore line: [ /Applications/Xcode.app/Contents/Developer/Platforms/MacOSX.platform/Developer/SDKs/MacOSX13.1.sdk/usr/include/c++/v1]
  ignore line: [ /Applications/Xcode.app/Contents/Developer/Toolchains/XcodeDefault.xctoolchain/usr/lib/clang/14.0.0/include]
  ignore line: [ /Applications/Xcode.app/Contents/Developer/Platforms/MacOSX.platform/Developer/SDKs/MacOSX13.1.sdk/usr/include]
  ignore line: [ /Applications/Xcode.app/Contents/Developer/Toolchains/XcodeDefault.xctoolchain/usr/include]
  ignore line: [ /Applications/Xcode.app/Contents/Developer/Platforms/MacOSX.platform/Developer/SDKs/MacOSX13.1.sdk/System/Library/Frameworks (framework directory)]
  ignore line: [End of search list.]
  ignore line: [Linking CXX executable cmTC_04b1c]
  ignore line: [/opt/homebrew/Cellar/cmake/3.25.2/bin/cmake -E cmake_link_script CMakeFiles/cmTC_04b1c.dir/link.txt --verbose=1]
  ignore line: [/usr/bin/clang++  -arch arm64 -isysroot /Applications/Xcode.app/Contents/Developer/Platforms/MacOSX.platform/Developer/SDKs/MacOSX13.1.sdk -Wl -search_paths_first -Wl -headerpad_max_install_names  -v -Wl -v CMakeFiles/cmTC_04b1c.dir/CMakeCXXCompilerABI.cpp.o -o cmTC_04b1c ]
  ignore line: [Apple clang version 14.0.0 (clang-1400.0.29.202)]
  ignore line: [Target: arm64-apple-darwin22.3.0]
  ignore line: [Thread model: posix]
  ignore line: [InstalledDir: /Applications/Xcode.app/Contents/Developer/Toolchains/XcodeDefault.xctoolchain/usr/bin]
  link line: [ "/Applications/Xcode.app/Contents/Developer/Toolchains/XcodeDefault.xctoolchain/usr/bin/ld" -demangle -lto_library /Applications/Xcode.app/Contents/Developer/Toolchains/XcodeDefault.xctoolchain/usr/lib/libLTO.dylib -dynamic -arch arm64 -platform_version macos 13.0.0 13.1 -syslibroot /Applications/Xcode.app/Contents/Developer/Platforms/MacOSX.platform/Developer/SDKs/MacOSX13.1.sdk -o cmTC_04b1c -search_paths_first -headerpad_max_install_names -v CMakeFiles/cmTC_04b1c.dir/CMakeCXXCompilerABI.cpp.o -lc++ -lSystem /Applications/Xcode.app/Contents/Developer/Toolchains/XcodeDefault.xctoolchain/usr/lib/clang/14.0.0/lib/darwin/libclang_rt.osx.a]
    arg [/Applications/Xcode.app/Contents/Developer/Toolchains/XcodeDefault.xctoolchain/usr/bin/ld] ==> ignore
    arg [-demangle] ==> ignore
    arg [-lto_library] ==> ignore, skip following value
    arg [/Applications/Xcode.app/Contents/Developer/Toolchains/XcodeDefault.xctoolchain/usr/lib/libLTO.dylib] ==> skip value of -lto_library
    arg [-dynamic] ==> ignore
    arg [-arch] ==> ignore
    arg [arm64] ==> ignore
    arg [-platform_version] ==> ignore
    arg [macos] ==> ignore
    arg [13.0.0] ==> ignore
    arg [13.1] ==> ignore
    arg [-syslibroot] ==> ignore
    arg [/Applications/Xcode.app/Contents/Developer/Platforms/MacOSX.platform/Developer/SDKs/MacOSX13.1.sdk] ==> ignore
    arg [-o] ==> ignore
    arg [cmTC_04b1c] ==> ignore
    arg [-search_paths_first] ==> ignore
    arg [-headerpad_max_install_names] ==> ignore
    arg [-v] ==> ignore
    arg [CMakeFiles/cmTC_04b1c.dir/CMakeCXXCompilerABI.cpp.o] ==> ignore
    arg [-lc++] ==> lib [c++]
    arg [-lSystem] ==> lib [System]
    arg [/Applications/Xcode.app/Contents/Developer/Toolchains/XcodeDefault.xctoolchain/usr/lib/clang/14.0.0/lib/darwin/libclang_rt.osx.a] ==> lib [/Applications/Xcode.app/Contents/Developer/Toolchains/XcodeDefault.xctoolchain/usr/lib/clang/14.0.0/lib/darwin/libclang_rt.osx.a]
  Library search paths: [;/Applications/Xcode.app/Contents/Developer/Platforms/MacOSX.platform/Developer/SDKs/MacOSX13.1.sdk/usr/lib]
  Framework search paths: [;/Applications/Xcode.app/Contents/Developer/Platforms/MacOSX.platform/Developer/SDKs/MacOSX13.1.sdk/System/Library/Frameworks/]
  remove lib [System]
  remove lib [/Applications/Xcode.app/Contents/Developer/Toolchains/XcodeDefault.xctoolchain/usr/lib/clang/14.0.0/lib/darwin/libclang_rt.osx.a]
  collapse library dir [/Applications/Xcode.app/Contents/Developer/Platforms/MacOSX.platform/Developer/SDKs/MacOSX13.1.sdk/usr/lib] ==> [/Applications/Xcode.app/Contents/Developer/Platforms/MacOSX.platform/Developer/SDKs/MacOSX13.1.sdk/usr/lib]
  collapse framework dir [/Applications/Xcode.app/Contents/Developer/Platforms/MacOSX.platform/Developer/SDKs/MacOSX13.1.sdk/System/Library/Frameworks/] ==> [/Applications/Xcode.app/Contents/Developer/Platforms/MacOSX.platform/Developer/SDKs/MacOSX13.1.sdk/System/Library/Frameworks]
  implicit libs: [c++]
  implicit objs: []
  implicit dirs: [/Applications/Xcode.app/Contents/Developer/Platforms/MacOSX.platform/Developer/SDKs/MacOSX13.1.sdk/usr/lib]
  implicit fwks: [/Applications/Xcode.app/Contents/Developer/Platforms/MacOSX.platform/Developer/SDKs/MacOSX13.1.sdk/System/Library/Frameworks]


Performing C++ SOURCE FILE Test NCNN_COMPILER_SUPPORT_GNU_INLINE_ASM succeeded with the following output:
Change Dir: /Users/tingan/Desktop/未命名文件夹/speech_ncnn/build/CMakeFiles/CMakeScratch/TryCompile-1NSX4l

Run Build Command(s):/usr/bin/make -f Makefile cmTC_12663/fast && /Applications/Xcode.app/Contents/Developer/usr/bin/make  -f CMakeFiles/cmTC_12663.dir/build.make CMakeFiles/cmTC_12663.dir/build
Building CXX object CMakeFiles/cmTC_12663.dir/src.cxx.o
/usr/bin/clang++ -DNCNN_COMPILER_SUPPORT_GNU_INLINE_ASM  -ftree-vectorize -fpermissive -fomit-frame-pointer -funroll-loops -march=armv8-a  -arch arm64 -isysroot /Applications/Xcode.app/Contents/Developer/Platforms/MacOSX.platform/Developer/SDKs/MacOSX13.1.sdk -MD -MT CMakeFiles/cmTC_12663.dir/src.cxx.o -MF CMakeFiles/cmTC_12663.dir/src.cxx.o.d -o CMakeFiles/cmTC_12663.dir/src.cxx.o -c /Users/tingan/Desktop/未命名文件夹/speech_ncnn/build/CMakeFiles/CMakeScratch/TryCompile-1NSX4l/src.cxx
Linking CXX executable cmTC_12663
/opt/homebrew/Cellar/cmake/3.25.2/bin/cmake -E cmake_link_script CMakeFiles/cmTC_12663.dir/link.txt --verbose=1
/usr/bin/clang++  -ftree-vectorize -fpermissive -fomit-frame-pointer -funroll-loops -march=armv8-a  -arch arm64 -isysroot /Applications/Xcode.app/Contents/Developer/Platforms/MacOSX.platform/Developer/SDKs/MacOSX13.1.sdk -Wl,-search_paths_first -Wl,-headerpad_max_install_names CMakeFiles/cmTC_12663.dir/src.cxx.o -o cmTC_12663 


Source file was:
int main() { int a = 0; asm volatile("" : "=r"(a) : "0"(a) : "memory"); return 0; }

Performing C++ SOURCE FILE Test NCNN_COMPILER_SUPPORT_ARM82_FP16 succeeded with the following output:
Change Dir: /Users/tingan/Desktop/未命名文件夹/speech_ncnn/build/CMakeFiles/CMakeScratch/TryCompile-ITCiMU

Run Build Command(s):/usr/bin/make -f Makefile cmTC_399d7/fast && /Applications/Xcode.app/Contents/Developer/usr/bin/make  -f CMakeFiles/cmTC_399d7.dir/build.make CMakeFiles/cmTC_399d7.dir/build
Building CXX object CMakeFiles/cmTC_399d7.dir/src.cxx.o
/usr/bin/clang++ -DNCNN_COMPILER_SUPPORT_ARM82_FP16  -ftree-vectorize -fpermissive -fomit-frame-pointer -funroll-loops -march=armv8-a -march=armv8.2-a+fp16 -arch arm64 -isysroot /Applications/Xcode.app/Contents/Developer/Platforms/MacOSX.platform/Developer/SDKs/MacOSX13.1.sdk -MD -MT CMakeFiles/cmTC_399d7.dir/src.cxx.o -MF CMakeFiles/cmTC_399d7.dir/src.cxx.o.d -o CMakeFiles/cmTC_399d7.dir/src.cxx.o -c /Users/tingan/Desktop/未命名文件夹/speech_ncnn/build/CMakeFiles/CMakeScratch/TryCompile-ITCiMU/src.cxx
Linking CXX executable cmTC_399d7
/opt/homebrew/Cellar/cmake/3.25.2/bin/cmake -E cmake_link_script CMakeFiles/cmTC_399d7.dir/link.txt --verbose=1
/usr/bin/clang++  -ftree-vectorize -fpermissive -fomit-frame-pointer -funroll-loops -march=armv8-a -march=armv8.2-a+fp16 -arch arm64 -isysroot /Applications/Xcode.app/Contents/Developer/Platforms/MacOSX.platform/Developer/SDKs/MacOSX13.1.sdk -Wl,-search_paths_first -Wl,-headerpad_max_install_names CMakeFiles/cmTC_399d7.dir/src.cxx.o -o cmTC_399d7 


Source file was:
#include <arm_neon.h>
int main() { float16x8_t _s, _a, _b; _s = vfmaq_f16(_s, _a, _b); return 0; }

Performing C++ SOURCE FILE Test NCNN_COMPILER_SUPPORT_ARM82_DOTPROD succeeded with the following output:
Change Dir: /Users/tingan/Desktop/未命名文件夹/speech_ncnn/build/CMakeFiles/CMakeScratch/TryCompile-eKM5SL

Run Build Command(s):/usr/bin/make -f Makefile cmTC_83b71/fast && /Applications/Xcode.app/Contents/Developer/usr/bin/make  -f CMakeFiles/cmTC_83b71.dir/build.make CMakeFiles/cmTC_83b71.dir/build
Building CXX object CMakeFiles/cmTC_83b71.dir/src.cxx.o
/usr/bin/clang++ -DNCNN_COMPILER_SUPPORT_ARM82_DOTPROD  -ftree-vectorize -fpermissive -fomit-frame-pointer -funroll-loops -march=armv8-a -march=armv8.2-a+dotprod -arch arm64 -isysroot /Applications/Xcode.app/Contents/Developer/Platforms/MacOSX.platform/Developer/SDKs/MacOSX13.1.sdk -MD -MT CMakeFiles/cmTC_83b71.dir/src.cxx.o -MF CMakeFiles/cmTC_83b71.dir/src.cxx.o.d -o CMakeFiles/cmTC_83b71.dir/src.cxx.o -c /Users/tingan/Desktop/未命名文件夹/speech_ncnn/build/CMakeFiles/CMakeScratch/TryCompile-eKM5SL/src.cxx
Linking CXX executable cmTC_83b71
/opt/homebrew/Cellar/cmake/3.25.2/bin/cmake -E cmake_link_script CMakeFiles/cmTC_83b71.dir/link.txt --verbose=1
/usr/bin/clang++  -ftree-vectorize -fpermissive -fomit-frame-pointer -funroll-loops -march=armv8-a -march=armv8.2-a+dotprod -arch arm64 -isysroot /Applications/Xcode.app/Contents/Developer/Platforms/MacOSX.platform/Developer/SDKs/MacOSX13.1.sdk -Wl,-search_paths_first -Wl,-headerpad_max_install_names CMakeFiles/cmTC_83b71.dir/src.cxx.o -o cmTC_83b71 


Source file was:
#include <arm_neon.h>
int main() { int32x4_t _s; int8x16_t _a, _b; _s = vdotq_s32(_s, _a, _b); return 0; }

Performing C++ SOURCE FILE Test NCNN_COMPILER_SUPPORT_ARM82_FP16FML succeeded with the following output:
Change Dir: /Users/tingan/Desktop/未命名文件夹/speech_ncnn/build/CMakeFiles/CMakeScratch/TryCompile-2tvDvt

Run Build Command(s):/usr/bin/make -f Makefile cmTC_ce1a5/fast && /Applications/Xcode.app/Contents/Developer/usr/bin/make  -f CMakeFiles/cmTC_ce1a5.dir/build.make CMakeFiles/cmTC_ce1a5.dir/build
Building CXX object CMakeFiles/cmTC_ce1a5.dir/src.cxx.o
/usr/bin/clang++ -DNCNN_COMPILER_SUPPORT_ARM82_FP16FML  -ftree-vectorize -fpermissive -fomit-frame-pointer -funroll-loops -march=armv8-a -march=armv8.2-a+fp16fml -arch arm64 -isysroot /Applications/Xcode.app/Contents/Developer/Platforms/MacOSX.platform/Developer/SDKs/MacOSX13.1.sdk -MD -MT CMakeFiles/cmTC_ce1a5.dir/src.cxx.o -MF CMakeFiles/cmTC_ce1a5.dir/src.cxx.o.d -o CMakeFiles/cmTC_ce1a5.dir/src.cxx.o -c /Users/tingan/Desktop/未命名文件夹/speech_ncnn/build/CMakeFiles/CMakeScratch/TryCompile-2tvDvt/src.cxx
Linking CXX executable cmTC_ce1a5
/opt/homebrew/Cellar/cmake/3.25.2/bin/cmake -E cmake_link_script CMakeFiles/cmTC_ce1a5.dir/link.txt --verbose=1
/usr/bin/clang++  -ftree-vectorize -fpermissive -fomit-frame-pointer -funroll-loops -march=armv8-a -march=armv8.2-a+fp16fml -arch arm64 -isysroot /Applications/Xcode.app/Contents/Developer/Platforms/MacOSX.platform/Developer/SDKs/MacOSX13.1.sdk -Wl,-search_paths_first -Wl,-headerpad_max_install_names CMakeFiles/cmTC_ce1a5.dir/src.cxx.o -o cmTC_ce1a5 


Source file was:
#include <arm_neon.h>
int main() { float32x4_t _s; float16x8_t _a, _b; _s = vfmlalq_low_f16(_s, _a, _b); return 0; }

Performing C++ SOURCE FILE Test NCNN_COMPILER_SUPPORT_ARM84_BF16 succeeded with the following output:
Change Dir: /Users/tingan/Desktop/未命名文件夹/speech_ncnn/build/CMakeFiles/CMakeScratch/TryCompile-o1J3kd

Run Build Command(s):/usr/bin/make -f Makefile cmTC_7c811/fast && /Applications/Xcode.app/Contents/Developer/usr/bin/make  -f CMakeFiles/cmTC_7c811.dir/build.make CMakeFiles/cmTC_7c811.dir/build
Building CXX object CMakeFiles/cmTC_7c811.dir/src.cxx.o
/usr/bin/clang++ -DNCNN_COMPILER_SUPPORT_ARM84_BF16  -ftree-vectorize -fpermissive -fomit-frame-pointer -funroll-loops -march=armv8-a -march=armv8.4-a+bf16 -arch arm64 -isysroot /Applications/Xcode.app/Contents/Developer/Platforms/MacOSX.platform/Developer/SDKs/MacOSX13.1.sdk -MD -MT CMakeFiles/cmTC_7c811.dir/src.cxx.o -MF CMakeFiles/cmTC_7c811.dir/src.cxx.o.d -o CMakeFiles/cmTC_7c811.dir/src.cxx.o -c /Users/tingan/Desktop/未命名文件夹/speech_ncnn/build/CMakeFiles/CMakeScratch/TryCompile-o1J3kd/src.cxx
Linking CXX executable cmTC_7c811
/opt/homebrew/Cellar/cmake/3.25.2/bin/cmake -E cmake_link_script CMakeFiles/cmTC_7c811.dir/link.txt --verbose=1
/usr/bin/clang++  -ftree-vectorize -fpermissive -fomit-frame-pointer -funroll-loops -march=armv8-a -march=armv8.4-a+bf16 -arch arm64 -isysroot /Applications/Xcode.app/Contents/Developer/Platforms/MacOSX.platform/Developer/SDKs/MacOSX13.1.sdk -Wl,-search_paths_first -Wl,-headerpad_max_install_names CMakeFiles/cmTC_7c811.dir/src.cxx.o -o cmTC_7c811 


Source file was:
#include <arm_neon.h>
int main() { float32x4_t _s; bfloat16x8_t _a, _b; _s = vcvt_f32_bf16(vcvt_bf16_f32(vbfmmlaq_f32(_s, _a, _b))); return 0; }

Performing C++ SOURCE FILE Test NCNN_COMPILER_SUPPORT_ARM84_I8MM succeeded with the following output:
Change Dir: /Users/tingan/Desktop/未命名文件夹/speech_ncnn/build/CMakeFiles/CMakeScratch/TryCompile-5GcDrF

Run Build Command(s):/usr/bin/make -f Makefile cmTC_4f50c/fast && /Applications/Xcode.app/Contents/Developer/usr/bin/make  -f CMakeFiles/cmTC_4f50c.dir/build.make CMakeFiles/cmTC_4f50c.dir/build
Building CXX object CMakeFiles/cmTC_4f50c.dir/src.cxx.o
/usr/bin/clang++ -DNCNN_COMPILER_SUPPORT_ARM84_I8MM  -ftree-vectorize -fpermissive -fomit-frame-pointer -funroll-loops -march=armv8-a -march=armv8.4-a+i8mm -arch arm64 -isysroot /Applications/Xcode.app/Contents/Developer/Platforms/MacOSX.platform/Developer/SDKs/MacOSX13.1.sdk -MD -MT CMakeFiles/cmTC_4f50c.dir/src.cxx.o -MF CMakeFiles/cmTC_4f50c.dir/src.cxx.o.d -o CMakeFiles/cmTC_4f50c.dir/src.cxx.o -c /Users/tingan/Desktop/未命名文件夹/speech_ncnn/build/CMakeFiles/CMakeScratch/TryCompile-5GcDrF/src.cxx
Linking CXX executable cmTC_4f50c
/opt/homebrew/Cellar/cmake/3.25.2/bin/cmake -E cmake_link_script CMakeFiles/cmTC_4f50c.dir/link.txt --verbose=1
/usr/bin/clang++  -ftree-vectorize -fpermissive -fomit-frame-pointer -funroll-loops -march=armv8-a -march=armv8.4-a+i8mm -arch arm64 -isysroot /Applications/Xcode.app/Contents/Developer/Platforms/MacOSX.platform/Developer/SDKs/MacOSX13.1.sdk -Wl,-search_paths_first -Wl,-headerpad_max_install_names CMakeFiles/cmTC_4f50c.dir/src.cxx.o -o cmTC_4f50c 


Source file was:
#include <arm_neon.h>
int main() { int32x4_t _s; int8x16_t _a, _b; _s = vmmlaq_s32(_s, _a, _b); return 0; }

Performing C++ SOURCE FILE Test NCNN_COMPILER_SUPPORT_ARM86_SVE succeeded with the following output:
Change Dir: /Users/tingan/Desktop/未命名文件夹/speech_ncnn/build/CMakeFiles/CMakeScratch/TryCompile-jolD5K

Run Build Command(s):/usr/bin/make -f Makefile cmTC_be836/fast && /Applications/Xcode.app/Contents/Developer/usr/bin/make  -f CMakeFiles/cmTC_be836.dir/build.make CMakeFiles/cmTC_be836.dir/build
Building CXX object CMakeFiles/cmTC_be836.dir/src.cxx.o
/usr/bin/clang++ -DNCNN_COMPILER_SUPPORT_ARM86_SVE  -ftree-vectorize -fpermissive -fomit-frame-pointer -funroll-loops -march=armv8-a -march=armv8.6-a+sve -arch arm64 -isysroot /Applications/Xcode.app/Contents/Developer/Platforms/MacOSX.platform/Developer/SDKs/MacOSX13.1.sdk -MD -MT CMakeFiles/cmTC_be836.dir/src.cxx.o -MF CMakeFiles/cmTC_be836.dir/src.cxx.o.d -o CMakeFiles/cmTC_be836.dir/src.cxx.o -c /Users/tingan/Desktop/未命名文件夹/speech_ncnn/build/CMakeFiles/CMakeScratch/TryCompile-jolD5K/src.cxx
Linking CXX executable cmTC_be836
/opt/homebrew/Cellar/cmake/3.25.2/bin/cmake -E cmake_link_script CMakeFiles/cmTC_be836.dir/link.txt --verbose=1
/usr/bin/clang++  -ftree-vectorize -fpermissive -fomit-frame-pointer -funroll-loops -march=armv8-a -march=armv8.6-a+sve -arch arm64 -isysroot /Applications/Xcode.app/Contents/Developer/Platforms/MacOSX.platform/Developer/SDKs/MacOSX13.1.sdk -Wl,-search_paths_first -Wl,-headerpad_max_install_names CMakeFiles/cmTC_be836.dir/src.cxx.o -o cmTC_be836 


Source file was:
#include <arm_sve.h>
int main() { svfloat16_t _s, _a, _b; svbool_t bp; _s = svmla_f16_z(bp, _s, _a, _b); return 0; }

Performing C++ SOURCE FILE Test NCNN_COMPILER_SUPPORT_ARM86_SVE2 succeeded with the following output:
Change Dir: /Users/tingan/Desktop/未命名文件夹/speech_ncnn/build/CMakeFiles/CMakeScratch/TryCompile-xXb0n8

Run Build Command(s):/usr/bin/make -f Makefile cmTC_f6009/fast && /Applications/Xcode.app/Contents/Developer/usr/bin/make  -f CMakeFiles/cmTC_f6009.dir/build.make CMakeFiles/cmTC_f6009.dir/build
Building CXX object CMakeFiles/cmTC_f6009.dir/src.cxx.o
/usr/bin/clang++ -DNCNN_COMPILER_SUPPORT_ARM86_SVE2  -ftree-vectorize -fpermissive -fomit-frame-pointer -funroll-loops -march=armv8-a -march=armv8.6-a+sve2 -arch arm64 -isysroot /Applications/Xcode.app/Contents/Developer/Platforms/MacOSX.platform/Developer/SDKs/MacOSX13.1.sdk -MD -MT CMakeFiles/cmTC_f6009.dir/src.cxx.o -MF CMakeFiles/cmTC_f6009.dir/src.cxx.o.d -o CMakeFiles/cmTC_f6009.dir/src.cxx.o -c /Users/tingan/Desktop/未命名文件夹/speech_ncnn/build/CMakeFiles/CMakeScratch/TryCompile-xXb0n8/src.cxx
Linking CXX executable cmTC_f6009
/opt/homebrew/Cellar/cmake/3.25.2/bin/cmake -E cmake_link_script CMakeFiles/cmTC_f6009.dir/link.txt --verbose=1
/usr/bin/clang++  -ftree-vectorize -fpermissive -fomit-frame-pointer -funroll-loops -march=armv8-a -march=armv8.6-a+sve2 -arch arm64 -isysroot /Applications/Xcode.app/Contents/Developer/Platforms/MacOSX.platform/Developer/SDKs/MacOSX13.1.sdk -Wl,-search_paths_first -Wl,-headerpad_max_install_names CMakeFiles/cmTC_f6009.dir/src.cxx.o -o cmTC_f6009 


Source file was:
#include <arm_sve.h>
int main() { svint16_t _s; svint8_t _a, _b; _s = svmlslb_s16(_s, _a, _b); return 0; }

Performing C++ SOURCE FILE Test NCNN_COMPILER_SUPPORT_ARM86_SVEBF16 succeeded with the following output:
Change Dir: /Users/tingan/Desktop/未命名文件夹/speech_ncnn/build/CMakeFiles/CMakeScratch/TryCompile-r8QJj2

Run Build Command(s):/usr/bin/make -f Makefile cmTC_aef92/fast && /Applications/Xcode.app/Contents/Developer/usr/bin/make  -f CMakeFiles/cmTC_aef92.dir/build.make CMakeFiles/cmTC_aef92.dir/build
Building CXX object CMakeFiles/cmTC_aef92.dir/src.cxx.o
/usr/bin/clang++ -DNCNN_COMPILER_SUPPORT_ARM86_SVEBF16  -ftree-vectorize -fpermissive -fomit-frame-pointer -funroll-loops -march=armv8-a -march=armv8.6-a+sve+bf16 -arch arm64 -isysroot /Applications/Xcode.app/Contents/Developer/Platforms/MacOSX.platform/Developer/SDKs/MacOSX13.1.sdk -MD -MT CMakeFiles/cmTC_aef92.dir/src.cxx.o -MF CMakeFiles/cmTC_aef92.dir/src.cxx.o.d -o CMakeFiles/cmTC_aef92.dir/src.cxx.o -c /Users/tingan/Desktop/未命名文件夹/speech_ncnn/build/CMakeFiles/CMakeScratch/TryCompile-r8QJj2/src.cxx
Linking CXX executable cmTC_aef92
/opt/homebrew/Cellar/cmake/3.25.2/bin/cmake -E cmake_link_script CMakeFiles/cmTC_aef92.dir/link.txt --verbose=1
/usr/bin/clang++  -ftree-vectorize -fpermissive -fomit-frame-pointer -funroll-loops -march=armv8-a -march=armv8.6-a+sve+bf16 -arch arm64 -isysroot /Applications/Xcode.app/Contents/Developer/Platforms/MacOSX.platform/Developer/SDKs/MacOSX13.1.sdk -Wl,-search_paths_first -Wl,-headerpad_max_install_names CMakeFiles/cmTC_aef92.dir/src.cxx.o -o cmTC_aef92 


Source file was:
#include <arm_sve.h>
int main() { svfloat32_t _s; svbfloat16_t _a, _b; _s = svbfmmla_f32(_s, _a, _b); return 0; }

Performing C++ SOURCE FILE Test NCNN_COMPILER_SUPPORT_ARM86_SVEI8MM succeeded with the following output:
Change Dir: /Users/tingan/Desktop/未命名文件夹/speech_ncnn/build/CMakeFiles/CMakeScratch/TryCompile-dYWNJf

Run Build Command(s):/usr/bin/make -f Makefile cmTC_b0bba/fast && /Applications/Xcode.app/Contents/Developer/usr/bin/make  -f CMakeFiles/cmTC_b0bba.dir/build.make CMakeFiles/cmTC_b0bba.dir/build
Building CXX object CMakeFiles/cmTC_b0bba.dir/src.cxx.o
/usr/bin/clang++ -DNCNN_COMPILER_SUPPORT_ARM86_SVEI8MM  -ftree-vectorize -fpermissive -fomit-frame-pointer -funroll-loops -march=armv8-a -march=armv8.6-a+sve+i8mm -arch arm64 -isysroot /Applications/Xcode.app/Contents/Developer/Platforms/MacOSX.platform/Developer/SDKs/MacOSX13.1.sdk -MD -MT CMakeFiles/cmTC_b0bba.dir/src.cxx.o -MF CMakeFiles/cmTC_b0bba.dir/src.cxx.o.d -o CMakeFiles/cmTC_b0bba.dir/src.cxx.o -c /Users/tingan/Desktop/未命名文件夹/speech_ncnn/build/CMakeFiles/CMakeScratch/TryCompile-dYWNJf/src.cxx
Linking CXX executable cmTC_b0bba
/opt/homebrew/Cellar/cmake/3.25.2/bin/cmake -E cmake_link_script CMakeFiles/cmTC_b0bba.dir/link.txt --verbose=1
/usr/bin/clang++  -ftree-vectorize -fpermissive -fomit-frame-pointer -funroll-loops -march=armv8-a -march=armv8.6-a+sve+i8mm -arch arm64 -isysroot /Applications/Xcode.app/Contents/Developer/Platforms/MacOSX.platform/Developer/SDKs/MacOSX13.1.sdk -Wl,-search_paths_first -Wl,-headerpad_max_install_names CMakeFiles/cmTC_b0bba.dir/src.cxx.o -o cmTC_b0bba 


Source file was:
#include <arm_sve.h>
int main() { svint32_t _s; svint8_t _a, _b; _s = svmmla_s32(_s, _a, _b); return 0; }

Performing C++ SOURCE FILE Test NCNN_COMPILER_SUPPORT_ARM86_SVEF32MM succeeded with the following output:
Change Dir: /Users/tingan/Desktop/未命名文件夹/speech_ncnn/build/CMakeFiles/CMakeScratch/TryCompile-MywShP

Run Build Command(s):/usr/bin/make -f Makefile cmTC_a4f7a/fast && /Applications/Xcode.app/Contents/Developer/usr/bin/make  -f CMakeFiles/cmTC_a4f7a.dir/build.make CMakeFiles/cmTC_a4f7a.dir/build
Building CXX object CMakeFiles/cmTC_a4f7a.dir/src.cxx.o
/usr/bin/clang++ -DNCNN_COMPILER_SUPPORT_ARM86_SVEF32MM  -ftree-vectorize -fpermissive -fomit-frame-pointer -funroll-loops -march=armv8-a -march=armv8.6-a+sve+f32mm -arch arm64 -isysroot /Applications/Xcode.app/Contents/Developer/Platforms/MacOSX.platform/Developer/SDKs/MacOSX13.1.sdk -MD -MT CMakeFiles/cmTC_a4f7a.dir/src.cxx.o -MF CMakeFiles/cmTC_a4f7a.dir/src.cxx.o.d -o CMakeFiles/cmTC_a4f7a.dir/src.cxx.o -c /Users/tingan/Desktop/未命名文件夹/speech_ncnn/build/CMakeFiles/CMakeScratch/TryCompile-MywShP/src.cxx
Linking CXX executable cmTC_a4f7a
/opt/homebrew/Cellar/cmake/3.25.2/bin/cmake -E cmake_link_script CMakeFiles/cmTC_a4f7a.dir/link.txt --verbose=1
/usr/bin/clang++  -ftree-vectorize -fpermissive -fomit-frame-pointer -funroll-loops -march=armv8-a -march=armv8.6-a+sve+f32mm -arch arm64 -isysroot /Applications/Xcode.app/Contents/Developer/Platforms/MacOSX.platform/Developer/SDKs/MacOSX13.1.sdk -Wl,-search_paths_first -Wl,-headerpad_max_install_names CMakeFiles/cmTC_a4f7a.dir/src.cxx.o -o cmTC_a4f7a 


Source file was:
#include <arm_sve.h>
int main() { svfloat32_t _s, _a, _b; _s = svmmla_f32(_s, _a, _b); return 0; }

Performing C++ SOURCE FILE Test COMPILER_HAS_HIDDEN_VISIBILITY succeeded with the following output:
Change Dir: /Users/tingan/Desktop/未命名文件夹/speech_ncnn/build/CMakeFiles/CMakeScratch/TryCompile-D5fn2m

Run Build Command(s):/usr/bin/make -f Makefile cmTC_5c340/fast && /Applications/Xcode.app/Contents/Developer/usr/bin/make  -f CMakeFiles/cmTC_5c340.dir/build.make CMakeFiles/cmTC_5c340.dir/build
Building CXX object CMakeFiles/cmTC_5c340.dir/src.cxx.o
/usr/bin/clang++ -DCOMPILER_HAS_HIDDEN_VISIBILITY  -ftree-vectorize -fpermissive -fomit-frame-pointer -funroll-loops -march=armv8-a  -arch arm64 -isysroot /Applications/Xcode.app/Contents/Developer/Platforms/MacOSX.platform/Developer/SDKs/MacOSX13.1.sdk   -fvisibility=hidden -MD -MT CMakeFiles/cmTC_5c340.dir/src.cxx.o -MF CMakeFiles/cmTC_5c340.dir/src.cxx.o.d -o CMakeFiles/cmTC_5c340.dir/src.cxx.o -c /Users/tingan/Desktop/未命名文件夹/speech_ncnn/build/CMakeFiles/CMakeScratch/TryCompile-D5fn2m/src.cxx
Linking CXX executable cmTC_5c340
/opt/homebrew/Cellar/cmake/3.25.2/bin/cmake -E cmake_link_script CMakeFiles/cmTC_5c340.dir/link.txt --verbose=1
/usr/bin/clang++  -ftree-vectorize -fpermissive -fomit-frame-pointer -funroll-loops -march=armv8-a  -arch arm64 -isysroot /Applications/Xcode.app/Contents/Developer/Platforms/MacOSX.platform/Developer/SDKs/MacOSX13.1.sdk -Wl,-search_paths_first -Wl,-headerpad_max_install_names CMakeFiles/cmTC_5c340.dir/src.cxx.o -o cmTC_5c340 


Source file was:
int main() { return 0; }

Performing C++ SOURCE FILE Test COMPILER_HAS_HIDDEN_INLINE_VISIBILITY succeeded with the following output:
Change Dir: /Users/tingan/Desktop/未命名文件夹/speech_ncnn/build/CMakeFiles/CMakeScratch/TryCompile-P8efts

Run Build Command(s):/usr/bin/make -f Makefile cmTC_1d124/fast && /Applications/Xcode.app/Contents/Developer/usr/bin/make  -f CMakeFiles/cmTC_1d124.dir/build.make CMakeFiles/cmTC_1d124.dir/build
Building CXX object CMakeFiles/cmTC_1d124.dir/src.cxx.o
/usr/bin/clang++ -DCOMPILER_HAS_HIDDEN_INLINE_VISIBILITY  -ftree-vectorize -fpermissive -fomit-frame-pointer -funroll-loops -march=armv8-a  -arch arm64 -isysroot /Applications/Xcode.app/Contents/Developer/Platforms/MacOSX.platform/Developer/SDKs/MacOSX13.1.sdk   -fvisibility-inlines-hidden -MD -MT CMakeFiles/cmTC_1d124.dir/src.cxx.o -MF CMakeFiles/cmTC_1d124.dir/src.cxx.o.d -o CMakeFiles/cmTC_1d124.dir/src.cxx.o -c /Users/tingan/Desktop/未命名文件夹/speech_ncnn/build/CMakeFiles/CMakeScratch/TryCompile-P8efts/src.cxx
Linking CXX executable cmTC_1d124
/opt/homebrew/Cellar/cmake/3.25.2/bin/cmake -E cmake_link_script CMakeFiles/cmTC_1d124.dir/link.txt --verbose=1
/usr/bin/clang++  -ftree-vectorize -fpermissive -fomit-frame-pointer -funroll-loops -march=armv8-a  -arch arm64 -isysroot /Applications/Xcode.app/Contents/Developer/Platforms/MacOSX.platform/Developer/SDKs/MacOSX13.1.sdk -Wl,-search_paths_first -Wl,-headerpad_max_install_names CMakeFiles/cmTC_1d124.dir/src.cxx.o -o cmTC_1d124 


Source file was:
int main() { return 0; }

Performing C++ SOURCE FILE Test COMPILER_HAS_DEPRECATED_ATTR succeeded with the following output:
Change Dir: /Users/tingan/Desktop/未命名文件夹/speech_ncnn/build/CMakeFiles/CMakeScratch/TryCompile-oz3mVK

Run Build Command(s):/usr/bin/make -f Makefile cmTC_805df/fast && /Applications/Xcode.app/Contents/Developer/usr/bin/make  -f CMakeFiles/cmTC_805df.dir/build.make CMakeFiles/cmTC_805df.dir/build
Building CXX object CMakeFiles/cmTC_805df.dir/src.cxx.o
/usr/bin/clang++ -DCOMPILER_HAS_DEPRECATED_ATTR  -ftree-vectorize -fpermissive -fomit-frame-pointer -funroll-loops -march=armv8-a  -arch arm64 -isysroot /Applications/Xcode.app/Contents/Developer/Platforms/MacOSX.platform/Developer/SDKs/MacOSX13.1.sdk -MD -MT CMakeFiles/cmTC_805df.dir/src.cxx.o -MF CMakeFiles/cmTC_805df.dir/src.cxx.o.d -o CMakeFiles/cmTC_805df.dir/src.cxx.o -c /Users/tingan/Desktop/未命名文件夹/speech_ncnn/build/CMakeFiles/CMakeScratch/TryCompile-oz3mVK/src.cxx
/Users/tingan/Desktop/未命名文件夹/speech_ncnn/build/CMakeFiles/CMakeScratch/TryCompile-oz3mVK/src.cxx:2:25: warning: 'somefunc' is deprecated [-Wdeprecated-declarations]
    int main() { return somefunc();}
                        ^
/Users/tingan/Desktop/未命名文件夹/speech_ncnn/build/CMakeFiles/CMakeScratch/TryCompile-oz3mVK/src.cxx:1:16: note: 'somefunc' has been explicitly marked deprecated here
__attribute__((__deprecated__)) int somefunc() { return 0; }
               ^
1 warning generated.
Linking CXX executable cmTC_805df
/opt/homebrew/Cellar/cmake/3.25.2/bin/cmake -E cmake_link_script CMakeFiles/cmTC_805df.dir/link.txt --verbose=1
/usr/bin/clang++  -ftree-vectorize -fpermissive -fomit-frame-pointer -funroll-loops -march=armv8-a  -arch arm64 -isysroot /Applications/Xcode.app/Contents/Developer/Platforms/MacOSX.platform/Developer/SDKs/MacOSX13.1.sdk -Wl,-search_paths_first -Wl,-headerpad_max_install_names CMakeFiles/cmTC_805df.dir/src.cxx.o -o cmTC_805df 


Source file was:
__attribute__((__deprecated__)) int somefunc() { return 0; }
    int main() { return somefunc();}

Performing C SOURCE FILE Test CMAKE_HAVE_LIBC_PTHREAD succeeded with the following output:
Change Dir: /Users/tingan/Desktop/未命名文件夹/speech_ncnn/build/CMakeFiles/CMakeScratch/TryCompile-oD8JSB

Run Build Command(s):/usr/bin/make -f Makefile cmTC_72145/fast && /Applications/Xcode.app/Contents/Developer/usr/bin/make  -f CMakeFiles/cmTC_72145.dir/build.make CMakeFiles/cmTC_72145.dir/build
Building C object CMakeFiles/cmTC_72145.dir/src.c.o
/usr/bin/clang -DCMAKE_HAVE_LIBC_PTHREAD  -Xclang -fopenmp  -arch arm64 -isysroot /Applications/Xcode.app/Contents/Developer/Platforms/MacOSX.platform/Developer/SDKs/MacOSX13.1.sdk -MD -MT CMakeFiles/cmTC_72145.dir/src.c.o -MF CMakeFiles/cmTC_72145.dir/src.c.o.d -o CMakeFiles/cmTC_72145.dir/src.c.o -c /Users/tingan/Desktop/未命名文件夹/speech_ncnn/build/CMakeFiles/CMakeScratch/TryCompile-oD8JSB/src.c
Linking C executable cmTC_72145
/opt/homebrew/Cellar/cmake/3.25.2/bin/cmake -E cmake_link_script CMakeFiles/cmTC_72145.dir/link.txt --verbose=1
/usr/bin/clang  -Xclang -fopenmp  -arch arm64 -isysroot /Applications/Xcode.app/Contents/Developer/Platforms/MacOSX.platform/Developer/SDKs/MacOSX13.1.sdk -Wl,-search_paths_first -Wl,-headerpad_max_install_names CMakeFiles/cmTC_72145.dir/src.c.o -o cmTC_72145 


Source file was:
#include <pthread.h>

static void* test_func(void* data)
{
  return data;
}

int main(void)
{
  pthread_t thread;
  pthread_create(&thread, NULL, test_func, NULL);
  pthread_detach(thread);
  pthread_cancel(thread);
  pthread_join(thread, NULL);
  pthread_atfork(NULL, NULL, NULL);
  pthread_exit(NULL);

  return 0;
}


